时间：2015-09-02 12:43:28,730 级别：ERROR 描述：登录失败,原因是:验证码输入不正确!
时间：2015-09-02 12:43:34,803 级别：ERROR 描述：登录失败,原因是:验证码输入不正确!
时间：2015-09-02 12:43:40,929 级别：INFO  描述：登录成功.
时间：2015-09-02 12:44:05,291 级别：ERROR 描述：To get element by By.Id: ext-comp-1627--Timed out after 5 seconds
时间：2015-09-02 18:50:58,548 级别：INFO  描述：登录成功.
时间：2015-09-02 18:51:33,941 级别：ERROR 描述：To get element by By.ClassName[Contains]: x-tool-close--Element is no longer valid
时间：2015-09-02 18:52:22,089 级别：ERROR 描述：登录失败,原因是:验证码输入不正确!
时间：2015-09-02 18:52:28,226 级别：ERROR 描述：登录失败,原因是:验证码输入不正确!
时间：2015-09-02 18:52:34,469 级别：ERROR 描述：登录失败,原因是:验证码输入不正确!
时间：2015-09-02 18:52:40,626 级别：ERROR 描述：登录失败,原因是:验证码输入不正确!
时间：2015-09-02 18:52:46,753 级别：ERROR 描述：登录失败,原因是:验证码输入不正确!
时间：2015-09-02 18:52:53,041 级别：ERROR 描述：登录失败,原因是:验证码输入不正确!
时间：2015-09-02 18:52:59,120 级别：ERROR 描述：登录失败,原因是:验证码输入不正确!
时间：2015-09-02 18:53:05,382 级别：ERROR 描述：登录失败,原因是:验证码输入不正确!
时间：2015-09-02 18:53:11,481 级别：ERROR 描述：登录失败,原因是:验证码输入不正确!
时间：2015-09-02 18:53:17,738 级别：ERROR 描述：登录失败,原因是:验证码输入不正确!
时间：2015-09-02 18:53:24,267 级别：ERROR 描述：登录失败,原因是:验证码输入不正确!
时间：2015-09-02 18:53:30,746 级别：INFO  描述：登录成功.
时间：2015-09-02 18:55:09,791 级别：INFO  描述：登录成功.
时间：2015-09-02 18:57:22,559 级别：ERROR 描述：登录失败,原因是:请输入密码！
时间：2015-09-02 18:57:50,080 级别：ERROR 描述：登录失败,原因是:验证码输入不正确!
时间：2015-09-02 18:57:56,407 级别：ERROR 描述：登录失败,原因是:验证码输入不正确!
时间：2015-09-02 18:58:03,140 级别：INFO  描述：登录成功.
时间：2015-09-02 18:58:20,454 级别：ERROR 描述：To get element by By.ClassName[Contains]: x-window--Timed out after 5 seconds
时间：2015-09-02 18:58:55,597 级别：ERROR 描述：登录失败,原因是:验证码输入不正确!
时间：2015-09-02 18:59:01,695 级别：ERROR 描述：登录失败,原因是:验证码输入不正确!
时间：2015-09-02 18:59:07,886 级别：ERROR 描述：登录失败,原因是:验证码输入不正确!
时间：2015-09-02 18:59:14,130 级别：INFO  描述：登录成功.
时间：2015-09-02 18:59:46,062 级别：ERROR 描述：To get element by By.Id: ext-comp-1627--Timed out after 5 seconds
