时间：2015-08-31 20:27:20,017 级别：ERROR 描述：发生异常：WebDriver--Element is no longer valid在方法'Void UnpackAndThrowOnError(OpenQA.Selenium.Remote.Response)'中
时间：2015-08-31 20:27:43,850 级别：ERROR 描述：登录失败,原因是:验证码输入不正确!
时间：2015-08-31 20:27:49,294 级别：ERROR 描述：登录失败,原因是:验证码输入不正确!
时间：2015-08-31 20:27:54,532 级别：ERROR 描述：登录失败,原因是:请填写验证码！
时间：2015-08-31 20:28:27,879 级别：ERROR 描述：登录失败,原因是:验证码输入不正确!
时间：2015-08-31 20:28:33,309 级别：ERROR 描述：登录失败,原因是:验证码输入不正确!
时间：2015-08-31 20:28:38,771 级别：ERROR 描述：登录失败,原因是:验证码输入不正确!
时间：2015-08-31 20:28:44,064 级别：ERROR 描述：登录失败,原因是:验证码输入不正确!
时间：2015-08-31 20:28:49,756 级别：ERROR 描述：登录失败,原因是:验证码输入不正确!
时间：2015-08-31 20:28:55,252 级别：ERROR 描述：登录失败,原因是:验证码输入不正确!
时间：2015-08-31 20:29:00,608 级别：ERROR 描述：登录失败,原因是:验证码输入不正确!
时间：2015-08-31 20:29:06,667 级别：ERROR 描述：登录失败,原因是:验证码输入不正确!
时间：2015-08-31 20:29:14,100 级别：ERROR 描述：发生异常：WebDriver--Element is no longer valid在方法'Void UnpackAndThrowOnError(OpenQA.Selenium.Remote.Response)'中
时间：2015-08-31 20:31:23,035 级别：ERROR 描述：登录失败,原因是:验证码输入不正确!
时间：2015-08-31 20:31:28,354 级别：ERROR 描述：登录失败,原因是:验证码输入不正确!
时间：2015-08-31 20:31:33,770 级别：ERROR 描述：登录失败,原因是:验证码输入不正确!
时间：2015-08-31 20:31:39,210 级别：ERROR 描述：登录失败,原因是:验证码输入不正确!
时间：2015-08-31 20:31:44,493 级别：ERROR 描述：登录失败,原因是:验证码输入不正确!
时间：2015-08-31 20:31:49,804 级别：ERROR 描述：登录失败,原因是:验证码输入不正确!
时间：2015-08-31 20:31:55,152 级别：ERROR 描述：登录失败,原因是:验证码输入不正确!
时间：2015-08-31 20:32:00,524 级别：ERROR 描述：登录失败,原因是:验证码输入不正确!
时间：2015-08-31 20:33:40,271 级别：INFO  描述：登录成功.
时间：2015-08-31 20:37:41,776 级别：ERROR 描述：登录失败,原因是:验证码输入不正确!
时间：2015-08-31 20:37:47,535 级别：ERROR 描述：登录失败,原因是:验证码输入不正确!
时间：2015-08-31 20:37:52,962 级别：INFO  描述：登录成功.
时间：2015-08-31 20:38:55,844 级别：ERROR 描述：登录失败,原因是:验证码输入不正确!
时间：2015-08-31 20:39:01,460 级别：ERROR 描述：登录失败,原因是:验证码输入不正确!
时间：2015-08-31 20:39:06,889 级别：ERROR 描述：登录失败,原因是:验证码输入不正确!
时间：2015-08-31 20:39:12,303 级别：ERROR 描述：登录失败,原因是:验证码输入不正确!
时间：2015-08-31 20:39:17,651 级别：INFO  描述：登录成功.
时间：2015-08-31 20:40:07,913 级别：ERROR 描述：登录失败,原因是:验证码输入不正确!
时间：2015-08-31 20:40:13,311 级别：ERROR 描述：登录失败,原因是:验证码输入不正确!
时间：2015-08-31 20:40:19,067 级别：ERROR 描述：登录失败,原因是:验证码输入不正确!
时间：2015-08-31 20:40:24,434 级别：ERROR 描述：登录失败,原因是:验证码输入不正确!
时间：2015-08-31 20:40:29,847 级别：ERROR 描述：登录失败,原因是:验证码输入不正确!
时间：2015-08-31 20:40:35,213 级别：ERROR 描述：登录失败,原因是:验证码输入不正确!
时间：2015-08-31 20:41:07,692 级别：ERROR 描述：登录失败,原因是:验证码输入不正确!
时间：2015-08-31 20:41:13,277 级别：ERROR 描述：登录失败,原因是:验证码输入不正确!
时间：2015-08-31 20:41:18,847 级别：ERROR 描述：登录失败,原因是:验证码输入不正确!
时间：2015-08-31 20:41:24,288 级别：INFO  描述：登录成功.
时间：2015-08-31 20:44:39,833 级别：ERROR 描述：登录失败,原因是:验证码输入不正确!
时间：2015-08-31 20:44:45,480 级别：ERROR 描述：登录失败,原因是:验证码输入不正确!
时间：2015-08-31 20:44:50,956 级别：ERROR 描述：登录失败,原因是:验证码输入不正确!
时间：2015-08-31 20:44:56,634 级别：ERROR 描述：登录失败,原因是:验证码输入不正确!
时间：2015-08-31 20:45:02,266 级别：ERROR 描述：登录失败,原因是:验证码输入不正确!
时间：2015-08-31 20:45:07,663 级别：ERROR 描述：登录失败,原因是:验证码输入不正确!
时间：2015-08-31 20:45:13,077 级别：ERROR 描述：登录失败,原因是:验证码输入不正确!
时间：2015-08-31 20:45:18,724 级别：ERROR 描述：登录失败,原因是:验证码输入不正确!
时间：2015-08-31 20:46:19,346 级别：ERROR 描述：登录失败,原因是:验证码输入不正确!
时间：2015-08-31 20:46:24,806 级别：ERROR 描述：登录失败,原因是:验证码输入不正确!
时间：2015-08-31 20:46:30,359 级别：ERROR 描述：登录失败,原因是:验证码输入不正确!
时间：2015-08-31 20:46:35,819 级别：ERROR 描述：登录失败,原因是:验证码输入不正确!
时间：2015-08-31 20:46:41,248 级别：ERROR 描述：登录失败,原因是:验证码输入不正确!
时间：2015-08-31 20:46:46,646 级别：ERROR 描述：登录失败,原因是:验证码输入不正确!
时间：2015-08-31 20:46:51,918 级别：ERROR 描述：登录失败,原因是:请输入密码！
时间：2015-08-31 20:47:15,474 级别：ERROR 描述：登录失败,原因是:验证码输入不正确!
时间：2015-08-31 20:47:20,915 级别：INFO  描述：登录成功.
时间：2015-08-31 20:47:56,407 级别：ERROR 描述：登录失败,原因是:验证码输入不正确!
时间：2015-08-31 20:48:01,820 级别：ERROR 描述：登录失败,原因是:验证码输入不正确!
时间：2015-08-31 20:48:07,202 级别：ERROR 描述：登录失败,原因是:验证码输入不正确!
时间：2015-08-31 20:48:40,758 级别：ERROR 描述：登录失败,原因是:验证码输入不正确!
时间：2015-08-31 20:48:46,311 级别：ERROR 描述：登录失败,原因是:验证码输入不正确!
时间：2015-08-31 20:48:51,740 级别：ERROR 描述：登录失败,原因是:验证码输入不正确!
时间：2015-08-31 20:48:57,294 级别：ERROR 描述：登录失败,原因是:验证码输入不正确!
时间：2015-08-31 20:49:02,723 级别：ERROR 描述：登录失败,原因是:验证码输入不正确!
时间：2015-08-31 20:49:08,117 级别：INFO  描述：登录成功.
时间：2015-08-31 20:52:17,866 级别：ERROR 描述：登录失败,原因是:验证码输入不正确!
时间：2015-08-31 20:52:23,354 级别：INFO  描述：登录成功.
时间：2015-08-31 20:54:44,048 级别：ERROR 描述：登录失败,原因是:验证码输入不正确!
时间：2015-08-31 20:54:49,477 级别：ERROR 描述：登录失败,原因是:验证码输入不正确!
时间：2015-08-31 20:54:54,843 级别：ERROR 描述：登录失败,原因是:验证码输入不正确!
时间：2015-08-31 20:55:00,225 级别：ERROR 描述：登录失败,原因是:验证码输入不正确!
时间：2015-08-31 20:55:05,810 级别：ERROR 描述：登录失败,原因是:验证码输入不正确!
时间：2015-08-31 20:55:12,268 级别：ERROR 描述：登录失败,原因是:验证码输入不正确!
时间：2015-08-31 20:55:18,914 级别：ERROR 描述：登录失败,原因是:验证码输入不正确!
时间：2015-08-31 20:55:24,592 级别：ERROR 描述：登录失败,原因是:验证码输入不正确!
时间：2015-08-31 20:55:29,959 级别：ERROR 描述：登录失败,原因是:验证码输入不正确!
时间：2015-08-31 20:55:35,416 级别：INFO  描述：登录成功.
时间：2015-08-31 20:56:16,087 级别：ERROR 描述：登录失败,原因是:验证码输入不正确!
时间：2015-08-31 20:56:21,516 级别：ERROR 描述：登录失败,原因是:验证码输入不正确!
时间：2015-08-31 20:56:27,085 级别：ERROR 描述：登录失败,原因是:验证码输入不正确!
时间：2015-08-31 20:56:32,514 级别：ERROR 描述：登录失败,原因是:验证码输入不正确!
时间：2015-08-31 20:56:37,881 级别：ERROR 描述：登录失败,原因是:请输入密码！
时间：2015-08-31 20:58:42,917 级别：ERROR 描述：登录失败,原因是:验证码输入不正确!
时间：2015-08-31 20:58:48,331 级别：ERROR 描述：登录失败,原因是:验证码输入不正确!
时间：2015-08-31 20:58:53,728 级别：ERROR 描述：登录失败,原因是:验证码输入不正确!
时间：2015-08-31 20:58:59,219 级别：ERROR 描述：登录失败,原因是:验证码输入不正确!
时间：2015-08-31 20:59:38,297 级别：ERROR 描述：登录失败,原因是:验证码输入不正确!
时间：2015-08-31 20:59:43,757 级别：ERROR 描述：登录失败,原因是:验证码输入不正确!
时间：2015-08-31 20:59:49,171 级别：ERROR 描述：登录失败,原因是:验证码输入不正确!
时间：2015-08-31 20:59:54,646 级别：ERROR 描述：登录失败,原因是:验证码输入不正确!
时间：2015-08-31 20:59:59,888 级别：ERROR 描述：登录失败,原因是:验证码输入不正确!
时间：2015-08-31 21:00:05,176 级别：ERROR 描述：登录失败,原因是:验证码输入不正确!
时间：2015-08-31 21:00:10,480 级别：ERROR 描述：登录失败,原因是:验证码输入不正确!
时间：2015-08-31 21:00:15,753 级别：ERROR 描述：登录失败,原因是:验证码输入不正确!
时间：2015-08-31 21:00:21,041 级别：ERROR 描述：登录失败,原因是:验证码输入不正确!
时间：2015-08-31 21:00:26,277 级别：INFO  描述：登录成功.
时间：2015-08-31 21:09:53,135 级别：ERROR 描述：登录失败,原因是:验证码输入不正确!
时间：2015-08-31 21:09:58,465 级别：ERROR 描述：登录失败,原因是:验证码输入不正确!
时间：2015-08-31 21:10:03,692 级别：ERROR 描述：登录失败,原因是:验证码输入不正确!
时间：2015-08-31 21:10:09,136 级别：ERROR 描述：登录失败,原因是:验证码输入不正确!
时间：2015-08-31 21:10:14,594 级别：ERROR 描述：登录失败,原因是:验证码输入不正确!
时间：2015-08-31 21:10:19,684 级别：ERROR 描述：登录失败,原因是:验证码输入不正确!
时间：2015-08-31 21:10:24,851 级别：ERROR 描述：登录失败,原因是:验证码输入不正确!
时间：2015-08-31 21:10:30,057 级别：ERROR 描述：登录失败,原因是:验证码输入不正确!
时间：2015-08-31 21:10:35,225 级别：ERROR 描述：登录失败,原因是:验证码输入不正确!
时间：2015-08-31 21:10:40,332 级别：ERROR 描述：登录失败,原因是:验证码输入不正确!
时间：2015-08-31 21:10:45,572 级别：INFO  描述：登录成功.
时间：2015-08-31 21:13:20,043 级别：ERROR 描述：登录失败,原因是:验证码输入不正确!
时间：2015-08-31 21:13:25,759 级别：ERROR 描述：登录失败,原因是:验证码输入不正确!
时间：2015-08-31 21:13:30,985 级别：ERROR 描述：登录失败,原因是:验证码输入不正确!
时间：2015-08-31 21:13:36,226 级别：ERROR 描述：登录失败,原因是:验证码输入不正确!
时间：2015-08-31 21:13:41,391 级别：INFO  描述：登录成功.
时间：2015-08-31 21:15:29,775 级别：ERROR 描述：登录失败,原因是:验证码输入不正确!
时间：2015-08-31 21:15:34,962 级别：INFO  描述：登录成功.
时间：2015-08-31 21:16:01,800 级别：INFO  描述：登录成功.
时间：2015-08-31 21:16:25,695 级别：ERROR 描述：登录失败,原因是:验证码输入不正确!
时间：2015-08-31 21:16:31,125 级别：ERROR 描述：登录失败,原因是:验证码输入不正确!
时间：2015-08-31 21:16:36,328 级别：ERROR 描述：登录失败,原因是:验证码输入不正确!
时间：2015-08-31 21:16:41,433 级别：INFO  描述：登录成功.
时间：2015-08-31 21:18:08,204 级别：ERROR 描述：登录失败,原因是:验证码输入不正确!
时间：2015-08-31 21:18:13,321 级别：ERROR 描述：登录失败,原因是:验证码输入不正确!
时间：2015-08-31 21:18:18,568 级别：ERROR 描述：登录失败,原因是:验证码输入不正确!
时间：2015-08-31 21:18:24,012 级别：ERROR 描述：登录失败,原因是:验证码输入不正确!
时间：2015-08-31 21:18:29,441 级别：ERROR 描述：登录失败,原因是:验证码输入不正确!
时间：2015-08-31 21:18:34,538 级别：ERROR 描述：登录失败,原因是:验证码输入不正确!
时间：2015-08-31 21:18:39,718 级别：ERROR 描述：登录失败,原因是:验证码输入不正确!
时间：2015-08-31 21:18:45,125 级别：ERROR 描述：登录失败,原因是:验证码输入不正确!
时间：2015-08-31 21:18:50,269 级别：ERROR 描述：登录失败,原因是:验证码输入不正确!
时间：2015-08-31 21:18:55,470 级别：INFO  描述：登录成功.
时间：2015-08-31 21:20:03,157 级别：ERROR 描述：登录失败,原因是:验证码输入不正确!
时间：2015-08-31 21:20:08,404 级别：ERROR 描述：登录失败,原因是:验证码输入不正确!
时间：2015-08-31 21:20:13,893 级别：ERROR 描述：登录失败,原因是:验证码输入不正确!
时间：2015-08-31 21:20:19,002 级别：ERROR 描述：登录失败,原因是:验证码输入不正确!
时间：2015-08-31 21:20:24,300 级别：ERROR 描述：登录失败,原因是:验证码输入不正确!
时间：2015-08-31 21:20:29,402 级别：ERROR 描述：登录失败,原因是:验证码输入不正确!
时间：2015-08-31 21:20:34,725 级别：INFO  描述：登录成功.
时间：2015-08-31 22:13:04,674 级别：ERROR 描述：登录失败,原因是:验证码输入不正确!
时间：2015-08-31 22:13:09,931 级别：ERROR 描述：登录失败,原因是:验证码输入不正确!
时间：2015-08-31 22:13:15,212 级别：ERROR 描述：登录失败,原因是:验证码输入不正确!
时间：2015-08-31 22:13:20,232 级别：ERROR 描述：登录失败,原因是:验证码输入不正确!
时间：2015-08-31 22:13:25,265 级别：ERROR 描述：登录失败,原因是:验证码输入不正确!
时间：2015-08-31 22:13:30,348 级别：ERROR 描述：登录失败,原因是:验证码输入不正确!
时间：2015-08-31 22:13:35,497 级别：ERROR 描述：登录失败,原因是:验证码输入不正确!
时间：2015-08-31 22:13:40,598 级别：ERROR 描述：登录失败,原因是:验证码输入不正确!
时间：2015-08-31 22:13:45,719 级别：ERROR 描述：登录失败,原因是:验证码输入不正确!
时间：2015-08-31 22:13:50,977 级别：ERROR 描述：登录失败,原因是:验证码输入不正确!
时间：2015-08-31 22:13:56,374 级别：ERROR 描述：登录失败,原因是:验证码输入不正确!
时间：2015-08-31 22:14:01,598 级别：ERROR 描述：登录失败,原因是:验证码输入不正确!
时间：2015-08-31 22:14:06,630 级别：ERROR 描述：登录失败,原因是:验证码输入不正确!
时间：2015-08-31 22:14:11,685 级别：ERROR 描述：登录失败,原因是:验证码输入不正确!
时间：2015-08-31 22:14:16,775 级别：ERROR 描述：登录失败,原因是:验证码输入不正确!
时间：2015-08-31 22:14:55,726 级别：ERROR 描述：登录失败,原因是:验证码输入不正确!
时间：2015-08-31 22:15:01,191 级别：ERROR 描述：登录失败,原因是:验证码输入不正确!
时间：2015-08-31 22:15:07,166 级别：ERROR 描述：登录失败,原因是:验证码输入不正确!
时间：2015-08-31 22:15:12,420 级别：INFO  描述：登录成功.
