E:\stock\chstool\Release\chstool.lib
E:\stock\chstool\Release\chstool.exp
E:\STOCK\CHSTOOL\CHSTOOLPRO\RELEASE\CHSTOOL.PCH
E:\STOCK\CHSTOOL\CHSTOOLPRO\RELEASE\STDAFX.OBJ
E:\STOCK\CHSTOOL\CHSTOOLPRO\RELEASE\VC110.PDB
E:\STOCK\CHSTOOL\CHSTOOLPRO\RELEASE\CHSTOOL.OBJ
E:\STOCK\CHSTOOL\RELEASE\CHSTOOL.DLL
E:\STOCK\CHSTOOL\RELEASE\CHSTOOL.PDB
E:\stock\chstool\chstoolpro\Release\chstool.obj
E:\stock\chstool\chstoolpro\Release\stdafx.obj
E:\stock\chstool\chstoolpro\Release\chstool.write.1.tlog
E:\stock\chstool\chstoolpro\Release\cl.command.1.tlog
E:\stock\chstool\chstoolpro\Release\CL.read.1.tlog
E:\stock\chstool\chstoolpro\Release\CL.write.1.tlog
E:\stock\chstool\chstoolpro\Release\link-cvtres.read.1.tlog
E:\stock\chstool\chstoolpro\Release\link-cvtres.write.1.tlog
E:\stock\chstool\chstoolpro\Release\link-mt.read.1.tlog
E:\stock\chstool\chstoolpro\Release\link-mt.write.1.tlog
E:\stock\chstool\chstoolpro\Release\link-rc.read.1.tlog
E:\stock\chstool\chstoolpro\Release\link-rc.write.1.tlog
E:\stock\chstool\chstoolpro\Release\link.command.1.tlog
E:\stock\chstool\chstoolpro\Release\link.read.1.tlog
E:\stock\chstool\chstoolpro\Release\link.write.1.tlog
E:\stock\chstool\chstoolpro\Release\chstool.pch
E:\stock\chstool\chstoolpro\Release\vc110.pdb
E:\stock\chstool\Release\chstool.pdb
E:\stock\chstool\Release\chstool.dll
