E:\stock\chstool\Release\chstoolpro.lib
E:\stock\chstool\Release\chstoolpro.exp
E:\STOCK\CHSTOOL\CHSTOOLPRO\RELEASE\CHSTOOLPRO.PCH
E:\STOCK\CHSTOOL\CHSTOOLPRO\RELEASE\STDAFX.OBJ
E:\STOCK\CHSTOOL\CHSTOOLPRO\RELEASE\VC110.PDB
E:\STOCK\CHSTOOL\CHSTOOLPRO\RELEASE\CHSTOOLPRO.OBJ
E:\STOCK\CHSTOOL\RELEASE\CHSTOOLPRO.DLL
E:\STOCK\CHSTOOL\RELEASE\CHSTOOLPRO.PDB
E:\stock\chstool\chstoolpro\Release\chstoolpro.obj
E:\stock\chstool\chstoolpro\Release\stdafx.obj
E:\stock\chstool\chstoolpro\Release\chstoolpro.write.1.tlog
E:\stock\chstool\chstoolpro\Release\cl.command.1.tlog
E:\stock\chstool\chstoolpro\Release\CL.read.1.tlog
E:\stock\chstool\chstoolpro\Release\CL.write.1.tlog
E:\stock\chstool\chstoolpro\Release\link-cvtres.read.1.tlog
E:\stock\chstool\chstoolpro\Release\link-cvtres.write.1.tlog
E:\stock\chstool\chstoolpro\Release\link-rc.read.1.tlog
E:\stock\chstool\chstoolpro\Release\link-rc.write.1.tlog
E:\stock\chstool\chstoolpro\Release\link.command.1.tlog
E:\stock\chstool\chstoolpro\Release\link.read.1.tlog
E:\stock\chstool\chstoolpro\Release\link.write.1.tlog
E:\stock\chstool\chstoolpro\Release\chstoolpro.pch
E:\stock\chstool\chstoolpro\Release\vc110.pdb
E:\stock\chstool\Release\chstoolpro.pdb
E:\stock\chstool\Release\chstoolpro.dll
