E:\stock\chstool\Release\chstool.lib
E:\stock\chstool\Release\chstool.exp
E:\STOCK\CHSTOOL\CHSTOOL\RELEASE\.NETFRAMEWORK,VERSION=V4.5.1.ASSEMBLYATTRIBUTES.CPP.NATIVECODEANALYSIS.XML
E:\STOCK\CHSTOOL\CHSTOOL\RELEASE\.NETFRAMEWORK,VERSION=V4.5.1.ASSEMBLYATTRIBUTES.OBJ
E:\STOCK\CHSTOOL\CHSTOOL\RELEASE\VC110.PDB
E:\STOCK\CHSTOOL\CHSTOOL\RELEASE\CHSTOOL.OBJ
E:\STOCK\CHSTOOL\RELEASE\CHSTOOL.DLL
E:\STOCK\CHSTOOL\RELEASE\CHSTOOL.PDB
E:\STOCK\CHSTOOL\CHSTOOL\RELEASE\APP.RES
E:\stock\chstool\chstool\Release\chstool.vcxprojResolveAssemblyReference.cache
E:\stock\chstool\chstool\Release\.NETFramework,Version=v4.5.1.AssemblyAttributes.obj
E:\stock\chstool\chstool\Release\AssemblyInfo.obj
E:\stock\chstool\chstool\Release\chstool.obj
E:\stock\chstool\chstool\Release\Stdafx.obj
E:\stock\chstool\chstool\Release\chstool.write.1.tlog
E:\stock\chstool\chstool\Release\cl.command.1.tlog
E:\stock\chstool\chstool\Release\CL.read.1.tlog
E:\stock\chstool\chstool\Release\CL.write.1.tlog
E:\stock\chstool\chstool\Release\link-cvtres.read.1.tlog
E:\stock\chstool\chstool\Release\link-cvtres.write.1.tlog
E:\stock\chstool\chstool\Release\link-rc.read.1.tlog
E:\stock\chstool\chstool\Release\link-rc.write.1.tlog
E:\stock\chstool\chstool\Release\link.command.1.tlog
E:\stock\chstool\chstool\Release\link.read.1.tlog
E:\stock\chstool\chstool\Release\link.write.1.tlog
E:\stock\chstool\chstool\Release\metagen.read.1.tlog
E:\stock\chstool\chstool\Release\metagen.write.1.tlog
E:\stock\chstool\chstool\Release\NativeCodeAnalysis.read.1.tlog
E:\stock\chstool\chstool\Release\rc.command.1.tlog
E:\stock\chstool\chstool\Release\rc.read.1.tlog
E:\stock\chstool\chstool\Release\rc.write.1.tlog
E:\stock\chstool\chstool\Release\app.res
E:\stock\chstool\chstool\Release\chstool.pch
E:\stock\chstool\chstool\Release\vc110.pdb
E:\stock\chstool\chstool\Release\.NETFramework,Version=v4.5.1.AssemblyAttributes.cpp.nativecodeanalysis.xml
E:\stock\chstool\chstool\Release\AssemblyInfo.cpp.nativecodeanalysis.xml
E:\stock\chstool\chstool\Release\chstool.cpp.nativecodeanalysis.xml
E:\stock\chstool\chstool\Release\Stdafx.cpp.nativecodeanalysis.xml
E:\stock\chstool\chstool\Release\vc.nativecodeanalysis.all.xml
E:\stock\chstool\chstool\Release\MSXML6R.DLL.bi
E:\stock\chstool\chstool\Release\RSAENH.DLL.bi
E:\stock\chstool\chstool\Release\TZRES.DLL.bi
E:\stock\chstool\Release\chstool.pdb
E:\stock\chstool\Release\chstool.dll
E:\stock\chstool\Release\chstool.dll.CodeAnalysisLog.xml
E:\stock\chstool\Release\chstool.dll.lastcodeanalysissucceeded
