时间：2017-04-10 18:25:54,715 级别：ERROR 描述：To get element by By.CssSelector: a.submit--Timed out after 5 seconds
时间：2017-04-10 18:26:00,230 级别：ERROR 描述：To get element by By.CssSelector: p.tip--Timed out after 5 seconds
时间：2017-04-10 18:27:56,365 级别：ERROR 描述：To get element by By.CssSelector: a.submit--Timed out after 5 seconds
时间：2017-04-10 18:28:01,860 级别：ERROR 描述：To get element by By.CssSelector: p.tip--Timed out after 5 seconds
时间：2017-04-10 18:30:32,723 级别：ERROR 描述：To get element by By.CssSelector: a.submit--Timed out after 5 seconds
时间：2017-04-10 18:32:56,696 级别：ERROR 描述：To get element by By.CssSelector: a.submit--Timed out after 5 seconds
时间：2017-04-10 19:00:11,760 级别：ERROR 描述：To get element by By.Id: wrongcue--Element is no longer valid
时间：2017-04-10 19:00:11,767 级别：ERROR 描述：登录失败,原因未知.
时间：2017-04-10 19:05:04,420 级别：ERROR 描述：To get element by By.Id: wrongcue--Element is no longer valid
时间：2017-04-10 19:05:04,426 级别：ERROR 描述：登录失败,原因未知.
时间：2017-04-10 19:07:40,525 级别：ERROR 描述：To get element by By.Id: wrongcue--Element is no longer valid
时间：2017-04-10 19:07:40,532 级别：ERROR 描述：登录失败,原因未知.
时间：2017-04-10 19:08:29,335 级别：ERROR 描述：To get element by By.Id: wrongcue--Element is no longer valid
时间：2017-04-10 19:08:29,341 级别：ERROR 描述：登录失败,原因未知.
时间：2017-04-10 19:10:59,508 级别：INFO  描述：登录成功.
时间：2017-04-10 19:11:48,411 级别：INFO  描述：登录成功.
时间：2017-04-10 19:13:02,894 级别：ERROR 描述：登录失败,原因是:[120047][客户交易密码错误]
时间：2017-04-10 19:13:57,383 级别：ERROR 描述：登录失败,原因是:[150168][无此客户号]
时间：2017-04-10 19:19:26,397 级别：ERROR 描述：登录失败,原因是:[150168][无此客户号]
时间：2017-04-10 19:19:54,970 级别：INFO  描述：登录成功.
